<?xml version="1.0" encoding="UTF-8"?>
<!-- Generated by org.testng.reporters.JUnitReportReporter -->
<testsuite skipped="0" hostname="DESKTOP-F6N51LF" name="testcases.TC002_LoginForFailure" tests="4" failures="0" timestamp="03 Jun 2018 07:14:31 GMT" time="32.821" errors="0">
  <testcase name="loginAndLogout" time="9.217" classname="testcases.TC002_LoginForFailure"/>
  <testcase name="loginAndLogout" time="7.664" classname="testcases.TC002_LoginForFailure"/>
  <testcase name="loginAndLogout" time="7.908" classname="testcases.TC002_LoginForFailure"/>
  <testcase name="loginAndLogout" time="8.032" classname="testcases.TC002_LoginForFailure"/>
</testsuite> <!-- testcases.TC002_LoginForFailure -->
