<?xml version="1.0" encoding="UTF-8"?>
<!-- Generated by org.testng.reporters.JUnitReportReporter -->
<testsuite skipped="0" hostname="DESKTOP-F6N51LF" name="testcases.TC001_LoginAndLogout" tests="2" failures="0" timestamp="03 Jun 2018 06:48:06 GMT" time="41.437" errors="0">
  <testcase name="loginAndLogout" time="20.532" classname="testcases.TC001_LoginAndLogout"/>
  <testcase name="loginAndLogout" time="20.905" classname="testcases.TC001_LoginAndLogout"/>
</testsuite> <!-- testcases.TC001_LoginAndLogout -->
